Arguments: 
  C:\Program Files\nodejs\node.exe C:\Users\vrajd\AppData\Roaming\npm\node_modules\yarn\bin\yarn.js start

PATH: 
  C:\Users\vrajd\bin;C:\Program Files\Git\mingw64\bin;C:\Program Files\Git\usr\local\bin;C:\Program Files\Git\usr\bin;C:\Program Files\Git\usr\bin;C:\Program Files\Git\mingw64\bin;C:\Program Files\Git\usr\bin;C:\Users\vrajd\bin;C:\WINDOWS\system32;C:\WINDOWS;C:\WINDOWS\System32\Wbem;C:\WINDOWS\System32\WindowsPowerShell\v1.0;C:\Program Files\Git\cmd;C:\Program Files\nodejs;C:\Program Files\MongoDB\Server\3.6\bin;C:\Users\vrajd\AppData\Local\Microsoft\WindowsApps;C:\Users\vrajd\AppData\Local\learn_ide\bin;C:\Program Files\Heroku\bin;C:\Users\vrajd\AppData\Roaming\npm;C:\Users\vrajd\AppData\Local\GitHubDesktop\bin;%USERPROFILE%\AppData\Local\Microsoft\WindowsApps;C:\Program Files\Git\usr\bin\vendor_perl;C:\Program Files\Git\usr\bin\core_perl

Yarn version: 
  1.5.1

Node version: 
  9.0.0

Platform: 
  win32 x64

npm manifest: 
  {
    "name": "curbsidechicken",
    "version": "1.0.0",
    "description": "This is an app for Popeye's Franchise stores",
    "main": "server.js",
    "scripts": {
      "server": "node server.js",
      "client": "node scripts/start-client.js",
      "start": "concurrently \"nodemon server.js\" \"npm run client\"",
      "build": "node scripts/build.js",
      "seed": "node scripts/seedDB.js",
      "test": "echo \"Error: no test specified\" && exit 1",
      "installDeps": "yarn && cd client && yarn"
    },
    "repository": {
      "type": "git",
      "url": "git+https://github.com/Curbside2/curbsidechicken.git"
    },
    "author": "agarzon,vdalal,jnewman",
    "license": "ISC",
    "bugs": {
      "url": "https://github.com/Curbside2/curbsidechicken/issues"
    },
    "homepage": "https://github.com/Curbside2/curbsidechicken#readme",
    "dependencies": {
      "axios": "^0.18.0",
      "body-parser": "^1.18.2",
      "concurrently": "^3.5.1",
      "express": "^4.16.3",
      "firebase": "^4.13.1",
      "mongoose": "^5.0.16",
      "nodemon": "^1.17.3",
      "react-upload-images": "^1.0.2",
      "sequelize": "^4.37.6"
    }
  }

yarn manifest: 
  No manifest

Lockfile: 
  No lockfile

Trace: 
  Error: Command failed.
  Exit code: 3221225786
  Command: C:\WINDOWS\system32\cmd.exe
  Arguments: /d /s /c concurrently "nodemon server.js" "npm run client"
  Directory: C:\Users\vrajd\curbsidechicken
  Output:
  
      at ProcessTermError.MessageError (C:\Users\vrajd\AppData\Roaming\npm\node_modules\yarn\lib\cli.js:186:110)
      at new ProcessTermError (C:\Users\vrajd\AppData\Roaming\npm\node_modules\yarn\lib\cli.js:226:113)
      at ChildProcess.<anonymous> (C:\Users\vrajd\AppData\Roaming\npm\node_modules\yarn\lib\cli.js:30281:17)
      at emitTwo (events.js:135:13)
      at ChildProcess.emit (events.js:224:7)
      at maybeClose (internal/child_process.js:943:16)
      at Process.ChildProcess._handle.onexit (internal/child_process.js:220:5)
